DEBUG main org.mybatis.generator.internal.db.DatabaseIntrospector - Retrieving column information for table "items"
DEBUG main org.mybatis.generator.internal.db.DatabaseIntrospector - Found column "id", data type 4, in table "hmdb..items"
DEBUG main org.mybatis.generator.internal.db.DatabaseIntrospector - Found column "name", data type 12, in table "hmdb..items"
DEBUG main org.mybatis.generator.internal.db.DatabaseIntrospector - Found column "price", data type 7, in table "hmdb..items"
DEBUG main org.mybatis.generator.internal.db.DatabaseIntrospector - Found column "detail", data type -1, in table "hmdb..items"
DEBUG main org.mybatis.generator.internal.db.DatabaseIntrospector - Found column "pic", data type 12, in table "hmdb..items"
DEBUG main org.mybatis.generator.internal.db.DatabaseIntrospector - Found column "createtime", data type 93, in table "hmdb..items"
DEBUG main org.mybatis.generator.internal.db.DatabaseIntrospector - Retrieving column information for table "orders"
DEBUG main org.mybatis.generator.internal.db.DatabaseIntrospector - Found column "id", data type 4, in table "hmdb..orders"
DEBUG main org.mybatis.generator.internal.db.DatabaseIntrospector - Found column "user_id", data type 4, in table "hmdb..orders"
DEBUG main org.mybatis.generator.internal.db.DatabaseIntrospector - Found column "number", data type 12, in table "hmdb..orders"
DEBUG main org.mybatis.generator.internal.db.DatabaseIntrospector - Found column "createtime", data type 93, in table "hmdb..orders"
DEBUG main org.mybatis.generator.internal.db.DatabaseIntrospector - Found column "note", data type 12, in table "hmdb..orders"
DEBUG main org.mybatis.generator.internal.db.DatabaseIntrospector - Retrieving column information for table "orderdetail"
DEBUG main org.mybatis.generator.internal.db.DatabaseIntrospector - Found column "id", data type 4, in table "hmdb..orderdetail"
DEBUG main org.mybatis.generator.internal.db.DatabaseIntrospector - Found column "orders_id", data type 4, in table "hmdb..orderdetail"
DEBUG main org.mybatis.generator.internal.db.DatabaseIntrospector - Found column "items_id", data type 4, in table "hmdb..orderdetail"
DEBUG main org.mybatis.generator.internal.db.DatabaseIntrospector - Found column "items_num", data type 4, in table "hmdb..orderdetail"
DEBUG main org.mybatis.generator.internal.db.DatabaseIntrospector - Retrieving column information for table "user"
DEBUG main org.mybatis.generator.internal.db.DatabaseIntrospector - Found column "id", data type 4, in table "hmdb..user"
DEBUG main org.mybatis.generator.internal.db.DatabaseIntrospector - Found column "username", data type 12, in table "hmdb..user"
DEBUG main org.mybatis.generator.internal.db.DatabaseIntrospector - Found column "birthday", data type 91, in table "hmdb..user"
DEBUG main org.mybatis.generator.internal.db.DatabaseIntrospector - Found column "sex", data type 1, in table "hmdb..user"
DEBUG main org.mybatis.generator.internal.db.DatabaseIntrospector - Found column "address", data type 12, in table "hmdb..user"
DEBUG main org.mybatis.generator.internal.db.DatabaseIntrospector - Retrieving column information for table "items"
DEBUG main org.mybatis.generator.internal.db.DatabaseIntrospector - Found column "id", data type 4, in table "hmdb..items"
DEBUG main org.mybatis.generator.internal.db.DatabaseIntrospector - Found column "name", data type 12, in table "hmdb..items"
DEBUG main org.mybatis.generator.internal.db.DatabaseIntrospector - Found column "price", data type 7, in table "hmdb..items"
DEBUG main org.mybatis.generator.internal.db.DatabaseIntrospector - Found column "detail", data type -1, in table "hmdb..items"
DEBUG main org.mybatis.generator.internal.db.DatabaseIntrospector - Found column "pic", data type 12, in table "hmdb..items"
DEBUG main org.mybatis.generator.internal.db.DatabaseIntrospector - Found column "createtime", data type 93, in table "hmdb..items"
DEBUG main org.mybatis.generator.internal.db.DatabaseIntrospector - Retrieving column information for table "orders"
DEBUG main org.mybatis.generator.internal.db.DatabaseIntrospector - Found column "id", data type 4, in table "hmdb..orders"
DEBUG main org.mybatis.generator.internal.db.DatabaseIntrospector - Found column "user_id", data type 4, in table "hmdb..orders"
DEBUG main org.mybatis.generator.internal.db.DatabaseIntrospector - Found column "number", data type 12, in table "hmdb..orders"
DEBUG main org.mybatis.generator.internal.db.DatabaseIntrospector - Found column "createtime", data type 93, in table "hmdb..orders"
DEBUG main org.mybatis.generator.internal.db.DatabaseIntrospector - Found column "note", data type 12, in table "hmdb..orders"
DEBUG main org.mybatis.generator.internal.db.DatabaseIntrospector - Retrieving column information for table "orderdetail"
DEBUG main org.mybatis.generator.internal.db.DatabaseIntrospector - Found column "id", data type 4, in table "hmdb..orderdetail"
DEBUG main org.mybatis.generator.internal.db.DatabaseIntrospector - Found column "orders_id", data type 4, in table "hmdb..orderdetail"
DEBUG main org.mybatis.generator.internal.db.DatabaseIntrospector - Found column "items_id", data type 4, in table "hmdb..orderdetail"
DEBUG main org.mybatis.generator.internal.db.DatabaseIntrospector - Found column "items_num", data type 4, in table "hmdb..orderdetail"
DEBUG main org.mybatis.generator.internal.db.DatabaseIntrospector - Retrieving column information for table "user"
DEBUG main org.mybatis.generator.internal.db.DatabaseIntrospector - Found column "id", data type 4, in table "hmdb..user"
DEBUG main org.mybatis.generator.internal.db.DatabaseIntrospector - Found column "username", data type 12, in table "hmdb..user"
DEBUG main org.mybatis.generator.internal.db.DatabaseIntrospector - Found column "birthday", data type 91, in table "hmdb..user"
DEBUG main org.mybatis.generator.internal.db.DatabaseIntrospector - Found column "sex", data type 1, in table "hmdb..user"
DEBUG main org.mybatis.generator.internal.db.DatabaseIntrospector - Found column "address", data type 12, in table "hmdb..user"
DEBUG main org.mybatis.generator.internal.db.DatabaseIntrospector - Retrieving column information for table "items"
DEBUG main org.mybatis.generator.internal.db.DatabaseIntrospector - Found column "id", data type 4, in table "hmdb..items"
DEBUG main org.mybatis.generator.internal.db.DatabaseIntrospector - Found column "name", data type 12, in table "hmdb..items"
DEBUG main org.mybatis.generator.internal.db.DatabaseIntrospector - Found column "price", data type 7, in table "hmdb..items"
DEBUG main org.mybatis.generator.internal.db.DatabaseIntrospector - Found column "detail", data type -1, in table "hmdb..items"
DEBUG main org.mybatis.generator.internal.db.DatabaseIntrospector - Found column "pic", data type 12, in table "hmdb..items"
DEBUG main org.mybatis.generator.internal.db.DatabaseIntrospector - Found column "createtime", data type 93, in table "hmdb..items"
DEBUG main org.mybatis.generator.internal.db.DatabaseIntrospector - Retrieving column information for table "orders"
DEBUG main org.mybatis.generator.internal.db.DatabaseIntrospector - Found column "id", data type 4, in table "hmdb..orders"
DEBUG main org.mybatis.generator.internal.db.DatabaseIntrospector - Found column "user_id", data type 4, in table "hmdb..orders"
DEBUG main org.mybatis.generator.internal.db.DatabaseIntrospector - Found column "number", data type 12, in table "hmdb..orders"
DEBUG main org.mybatis.generator.internal.db.DatabaseIntrospector - Found column "createtime", data type 93, in table "hmdb..orders"
DEBUG main org.mybatis.generator.internal.db.DatabaseIntrospector - Found column "note", data type 12, in table "hmdb..orders"
DEBUG main org.mybatis.generator.internal.db.DatabaseIntrospector - Retrieving column information for table "orderdetail"
DEBUG main org.mybatis.generator.internal.db.DatabaseIntrospector - Found column "id", data type 4, in table "hmdb..orderdetail"
DEBUG main org.mybatis.generator.internal.db.DatabaseIntrospector - Found column "orders_id", data type 4, in table "hmdb..orderdetail"
DEBUG main org.mybatis.generator.internal.db.DatabaseIntrospector - Found column "items_id", data type 4, in table "hmdb..orderdetail"
DEBUG main org.mybatis.generator.internal.db.DatabaseIntrospector - Found column "items_num", data type 4, in table "hmdb..orderdetail"
DEBUG main org.mybatis.generator.internal.db.DatabaseIntrospector - Retrieving column information for table "user"
DEBUG main org.mybatis.generator.internal.db.DatabaseIntrospector - Found column "id", data type 4, in table "hmdb..user"
DEBUG main org.mybatis.generator.internal.db.DatabaseIntrospector - Found column "username", data type 12, in table "hmdb..user"
DEBUG main org.mybatis.generator.internal.db.DatabaseIntrospector - Found column "birthday", data type 91, in table "hmdb..user"
DEBUG main org.mybatis.generator.internal.db.DatabaseIntrospector - Found column "sex", data type 1, in table "hmdb..user"
DEBUG main org.mybatis.generator.internal.db.DatabaseIntrospector - Found column "address", data type 12, in table "hmdb..user"
